# JRE version: OpenJDK Runtime Environment (8.0_242-b08) (build 1.8.0_242-8u242-b08-0ubuntu3~16.04-b08)
# Java VM: OpenJDK 64-Bit Server VM (25.242-b08 mixed mode linux-amd64 compressed oops)
Heap:
 PSYoungGen      total 148480K, used 0K [0x00000000f5580000, 0x0000000100000000, 0x0000000100000000)
  eden space 122368K, 0% used [0x00000000f5580000,0x00000000f5580000,0x00000000fcd00000)
  from space 26112K, 0% used [0x00000000fcd00000,0x00000000fcd00000,0x00000000fe680000)
  to   space 26112K, 0% used [0x00000000fe680000,0x00000000fe680000,0x0000000100000000)
 ParOldGen       total 218112K, used 95366K [0x00000000e0000000, 0x00000000ed500000, 0x00000000f5580000)
  object space 218112K, 43% used [0x00000000e0000000,0x00000000e5d21b00,0x00000000ed500000)
 Metaspace       used 93556K, capacity 97120K, committed 98380K, reserved 1134592K
  class space    used 11727K, capacity 12557K, committed 12928K, reserved 1048576K
GC Heap History (10 events):
Event: 2822,939 GC heap after
Heap after GC invocations=18 (full 3):
 PSYoungGen      total 151552K, used 4405K [0x00000000f5580000, 0x0000000100000000, 0x0000000100000000)
  eden space 131072K, 0% used [0x00000000f5580000,0x00000000f5580000,0x00000000fd580000)
  from space 20480K, 21% used [0x00000000fd580000,0x00000000fd9cd698,0x00000000fe980000)
  to   space 20992K, 0% used [0x00000000feb80000,0x00000000feb80000,0x0000000100000000)
 ParOldGen       total 218112K, used 64696K [0x00000000e0000000, 0x00000000ed500000, 0x00000000f5580000)
  object space 218112K, 29% used [0x00000000e0000000,0x00000000e3f2e1d8,0x00000000ed500000)
 Metaspace       used 82740K, capacity 85704K, committed 86016K, reserved 1124352K
  class space    used 10468K, capacity 11197K, committed 11264K, reserved 1048576K
}
Event: 2828,049 GC heap before
{Heap before GC invocations=19 (full 3):
 PSYoungGen      total 151552K, used 135477K [0x00000000f5580000, 0x0000000100000000, 0x0000000100000000)
  eden space 131072K, 100% used [0x00000000f5580000,0x00000000fd580000,0x00000000fd580000)
  from space 20480K, 21% used [0x00000000fd580000,0x00000000fd9cd698,0x00000000fe980000)
  to   space 20992K, 0% used [0x00000000feb80000,0x00000000feb80000,0x0000000100000000)
 ParOldGen       total 218112K, used 64696K [0x00000000e0000000, 0x00000000ed500000, 0x00000000f5580000)
  object space 218112K, 29% used [0x00000000e0000000,0x00000000e3f2e1d8,0x00000000ed500000)
 Metaspace       used 83545K, capacity 86622K, committed 86912K, reserved 1124352K
  class space    used 10558K, capacity 11290K, committed 11392K, reserved 1048576K
Event: 2828,070 GC heap after
Heap after GC invocations=19 (full 3):
 PSYoungGen      total 152576K, used 15470K [0x00000000f5580000, 0x0000000100000000, 0x0000000100000000)
  eden space 131584K, 0% used [0x00000000f5580000,0x00000000f5580000,0x00000000fd600000)
  from space 20992K, 73% used [0x00000000feb80000,0x00000000ffa9b828,0x0000000100000000)
  to   space 21504K, 0% used [0x00000000fd600000,0x00000000fd600000,0x00000000feb00000)
 ParOldGen       total 218112K, used 64704K [0x00000000e0000000, 0x00000000ed500000, 0x00000000f5580000)
  object space 218112K, 29% used [0x00000000e0000000,0x00000000e3f301d8,0x00000000ed500000)
 Metaspace       used 83545K, capacity 86622K, committed 86912K, reserved 1124352K
  class space    used 10558K, capacity 11290K, committed 11392K, reserved 1048576K
}
Event: 2838,025 GC heap before
{Heap before GC invocations=20 (full 3):
 PSYoungGen      total 152576K, used 147054K [0x00000000f5580000, 0x0000000100000000, 0x0000000100000000)
  eden space 131584K, 100% used [0x00000000f5580000,0x00000000fd600000,0x00000000fd600000)
  from space 20992K, 73% used [0x00000000feb80000,0x00000000ffa9b828,0x0000000100000000)
  to   space 21504K, 0% used [0x00000000fd600000,0x00000000fd600000,0x00000000feb00000)
 ParOldGen       total 218112K, used 64704K [0x00000000e0000000, 0x00000000ed500000, 0x00000000f5580000)
  object space 218112K, 29% used [0x00000000e0000000,0x00000000e3f301d8,0x00000000ed500000)
 Metaspace       used 91656K, capacity 95368K, committed 95488K, reserved 1132544K
  class space    used 11661K, capacity 12513K, committed 12544K, reserved 1048576K
Event: 2838,051 GC heap after
Heap after GC invocations=20 (full 3):
 PSYoungGen      total 153088K, used 21485K [0x00000000f5580000, 0x0000000100000000, 0x0000000100000000)
  eden space 131584K, 0% used [0x00000000f5580000,0x00000000f5580000,0x00000000fd600000)
  from space 21504K, 99% used [0x00000000fd600000,0x00000000feafb7c8,0x00000000feb00000)
  to   space 21504K, 0% used [0x00000000feb00000,0x00000000feb00000,0x0000000100000000)
 ParOldGen       total 218112K, used 65900K [0x00000000e0000000, 0x00000000ed500000, 0x00000000f5580000)
  object space 218112K, 30% used [0x00000000e0000000,0x00000000e405b288,0x00000000ed500000)
 Metaspace       used 91656K, capacity 95368K, committed 95488K, reserved 1132544K
  class space    used 11661K, capacity 12513K, committed 12544K, reserved 1048576K
}
Event: 2840,299 GC heap before
{Heap before GC invocations=21 (full 3):
 PSYoungGen      total 153088K, used 153069K [0x00000000f5580000, 0x0000000100000000, 0x0000000100000000)
  eden space 131584K, 100% used [0x00000000f5580000,0x00000000fd600000,0x00000000fd600000)
  from space 21504K, 99% used [0x00000000fd600000,0x00000000feafb7c8,0x00000000feb00000)
  to   space 21504K, 0% used [0x00000000feb00000,0x00000000feb00000,0x0000000100000000)
 ParOldGen       total 218112K, used 65900K [0x00000000e0000000, 0x00000000ed500000, 0x00000000f5580000)
  object space 218112K, 30% used [0x00000000e0000000,0x00000000e405b288,0x00000000ed500000)
 Metaspace       used 93641K, capacity 97652K, committed 97792K, reserved 1134592K
  class space    used 11860K, capacity 12741K, committed 12800K, reserved 1048576K
Event: 2840,315 GC heap after
Heap after GC invocations=21 (full 3):
 PSYoungGen      total 143872K, used 20208K [0x00000000f5580000, 0x0000000100000000, 0x0000000100000000)
  eden space 122368K, 0% used [0x00000000f5580000,0x00000000f5580000,0x00000000fcd00000)
  from space 21504K, 93% used [0x00000000feb00000,0x00000000ffebc1d0,0x0000000100000000)
  to   space 26112K, 0% used [0x00000000fcd00000,0x00000000fcd00000,0x00000000fe680000)
 ParOldGen       total 218112K, used 68204K [0x00000000e0000000, 0x00000000ed500000, 0x00000000f5580000)
  object space 218112K, 31% used [0x00000000e0000000,0x00000000e429b208,0x00000000ed500000)
 Metaspace       used 93641K, capacity 97652K, committed 97792K, reserved 1134592K
  class space    used 11860K, capacity 12741K, committed 12800K, reserved 1048576K
}
Event: 2840,845 GC heap before
{Heap before GC invocations=22 (full 3):
 PSYoungGen      total 143872K, used 69035K [0x00000000f5580000, 0x0000000100000000, 0x0000000100000000)
  eden space 122368K, 39% used [0x00000000f5580000,0x00000000f852ea80,0x00000000fcd00000)
  from space 21504K, 93% used [0x00000000feb00000,0x00000000ffebc1d0,0x0000000100000000)
  to   space 26112K, 0% used [0x00000000fcd00000,0x00000000fcd00000,0x00000000fe680000)
 ParOldGen       total 218112K, used 68204K [0x00000000e0000000, 0x00000000ed500000, 0x00000000f5580000)
  object space 218112K, 31% used [0x00000000e0000000,0x00000000e429b208,0x00000000ed500000)
 Metaspace       used 94102K, capacity 98310K, committed 98380K, reserved 1134592K
  class space    used 11911K, capacity 12858K, committed 12928K, reserved 1048576K
Event: 2840,904 GC heap after
Heap after GC invocations=22 (full 3):
 PSYoungGen      total 148480K, used 26099K [0x00000000f5580000, 0x0000000100000000, 0x0000000100000000)
  eden space 122368K, 0% used [0x00000000f5580000,0x00000000f5580000,0x00000000fcd00000)
  from space 26112K, 99% used [0x00000000fcd00000,0x00000000fe67cd28,0x00000000fe680000)
  to   space 26112K, 0% used [0x00000000fe680000,0x00000000fe680000,0x0000000100000000)
 ParOldGen       total 218112K, used 84974K [0x00000000e0000000, 0x00000000ed500000, 0x00000000f5580000)
  object space 218112K, 38% used [0x00000000e0000000,0x00000000e52fb920,0x00000000ed500000)
 Metaspace       used 94102K, capacity 98310K, committed 98380K, reserved 1134592K
  class space    used 11911K, capacity 12858K, committed 12928K, reserved 1048576K
}
Event: 2840,904 GC heap before
{Heap before GC invocations=23 (full 4):
 PSYoungGen      total 148480K, used 26099K [0x00000000f5580000, 0x0000000100000000, 0x0000000100000000)
  eden space 122368K, 0% used [0x00000000f5580000,0x00000000f5580000,0x00000000fcd00000)
  from space 26112K, 99% used [0x00000000fcd00000,0x00000000fe67cd28,0x00000000fe680000)
  to   space 26112K, 0% used [0x00000000fe680000,0x00000000fe680000,0x0000000100000000)
 ParOldGen       total 218112K, used 84974K [0x00000000e0000000, 0x00000000ed500000, 0x00000000f5580000)
  object space 218112K, 38% used [0x00000000e0000000,0x00000000e52fb920,0x00000000ed500000)
 Metaspace       used 94102K, capacity 98310K, committed 98380K, reserved 1134592K
  class space    used 11911K, capacity 12858K, committed 12928K, reserved 1048576K

